Arguments: 
  /home/fengjutian/.nvm/versions/node/v20.17.0/bin/node /home/fengjutian/.nvm/versions/node/v20.17.0/bin/yarn --ignore-engines

PATH: 
  /tmp/yarn--1726924886310-0.8458476021182815:/home/fengjutian/vscode/node_modules/.bin:/usr/local/share/.config/yarn/link/node_modules/.bin:/home/fengjutian/.nvm/versions/node/v20.17.0/libexec/lib/node_modules/npm/bin/node-gyp-bin:/home/fengjutian/.nvm/versions/node/v20.17.0/lib/node_modules/npm/bin/node-gyp-bin:/home/fengjutian/.nvm/versions/node/v20.17.0/bin/node_modules/npm/bin/node-gyp-bin:/home/fengjutian/.nvm/versions/node/v20.17.0/bin:/usr/local/sbin:/usr/local/bin:/usr/sbin:/usr/bin:/sbin:/bin:/usr/games:/usr/local/games:/snap/bin

Yarn version: 
  1.22.17

Node version: 
  20.17.0

Platform: 
  linux x64

Trace: 
  AggregateError [ETIMEDOUT]: 
      at internalConnectMultiple (node:net:1118:18)
      at internalConnectMultiple (node:net:1186:5)
      at Timeout.internalConnectMultipleTimeout (node:net:1712:5)
      at listOnTimeout (node:internal/timers:583:11)
      at process.processTimers (node:internal/timers:519:7)

npm manifest: 
  {
    "name": "ipynb",
    "displayName": "%displayName%",
    "description": "%description%",
    "publisher": "vscode",
    "version": "1.0.0",
    "license": "MIT",
    "icon": "media/icon.png",
    "engines": {
      "vscode": "^1.57.0"
    },
    "enabledApiProposals": [
      "documentPaste",
      "diffContentOptions"
    ],
    "activationEvents": [
      "onNotebook:jupyter-notebook",
      "onNotebookSerializer:interactive",
      "onNotebookSerializer:repl"
    ],
    "extensionKind": [
      "workspace",
      "ui"
    ],
    "main": "./out/ipynbMain.js",
    "browser": "./dist/browser/ipynbMain.js",
    "capabilities": {
      "virtualWorkspaces": true,
      "untrustedWorkspaces": {
        "supported": true
      }
    },
    "contributes": {
      "configuration": [
        {
          "properties": {
            "ipynb.pasteImagesAsAttachments.enabled": {
              "type": "boolean",
              "scope": "resource",
              "markdownDescription": "%ipynb.pasteImagesAsAttachments.enabled%",
              "default": true
            }
          }
        }
      ],
      "commands": [
        {
          "command": "ipynb.newUntitledIpynb",
          "title": "%newUntitledIpynb.title%",
          "shortTitle": "%newUntitledIpynb.shortTitle%",
          "category": "Create"
        },
        {
          "command": "ipynb.openIpynbInNotebookEditor",
          "title": "%openIpynbInNotebookEditor.title%"
        },
        {
          "command": "ipynb.cleanInvalidImageAttachment",
          "title": "%cleanInvalidImageAttachment.title%"
        },
        {
          "command": "notebook.cellOutput.copy",
          "title": "%copyCellOutput.title%",
          "category": "Notebook"
        },
        {
          "command": "notebook.cellOutput.openInTextEditor",
          "title": "%openCellOutput.title%",
          "category": "Notebook"
        }
      ],
      "notebooks": [
        {
          "type": "jupyter-notebook",
          "displayName": "Jupyter Notebook",
          "selector": [
            {
              "filenamePattern": "*.ipynb"
            }
          ],
          "priority": "default"
        }
      ],
      "notebookRenderer": [
        {
          "id": "vscode.markdown-it-cell-attachment-renderer",
          "displayName": "%markdownAttachmentRenderer.displayName%",
          "entrypoint": {
            "extends": "vscode.markdown-it-renderer",
            "path": "./notebook-out/cellAttachmentRenderer.js"
          }
        }
      ],
      "menus": {
        "file/newFile": [
          {
            "command": "ipynb.newUntitledIpynb",
            "group": "notebook"
          }
        ],
        "commandPalette": [
          {
            "command": "ipynb.newUntitledIpynb"
          },
          {
            "command": "ipynb.openIpynbInNotebookEditor",
            "when": "false"
          },
          {
            "command": "ipynb.cleanInvalidImageAttachment",
            "when": "false"
          },
          {
            "command": "notebook.cellOutput.copy",
            "when": "notebookCellHasOutputs"
          },
          {
            "command": "notebook.cellOutput.openInTextEditor",
            "when": "false"
          }
        ],
        "webview/context": [
          {
            "command": "notebook.cellOutput.copy",
            "when": "webviewId == 'notebook.output' && webviewSection == 'image'"
          },
          {
            "command": "notebook.cellOutput.copy",
            "when": "webviewId == 'notebook.output' && webviewSection == 'text'"
          },
          {
            "command": "notebook.cellOutput.openInTextEditor",
            "when": "webviewId == 'notebook.output' && webviewSection == 'text'"
          }
        ]
      }
    },
    "scripts": {
      "compile": "npx gulp compile-extension:ipynb && npm run build-notebook",
      "watch": "npx gulp watch-extension:ipynb",
      "build-notebook": "node ./esbuild"
    },
    "dependencies": {
      "@enonic/fnv-plus": "^1.3.0",
      "detect-indent": "^6.0.0"
    },
    "devDependencies": {
      "@jupyterlab/nbformat": "^3.2.9",
      "@types/markdown-it": "12.2.3"
    },
    "repository": {
      "type": "git",
      "url": "https://github.com/microsoft/vscode.git"
    }
  }

yarn manifest: 
  No manifest

Lockfile: 
  # THIS IS AN AUTOGENERATED FILE. DO NOT EDIT THIS FILE DIRECTLY.
  # yarn lockfile v1
  
  
  "@enonic/fnv-plus@^1.3.0":
    version "1.3.0"
    resolved "https://registry.yarnpkg.com/@enonic/fnv-plus/-/fnv-plus-1.3.0.tgz#be65a7b128a3b544f60aea3ef978d938e85869f3"
    integrity sha512-BCN9uNWH8AmiP7BXBJqEinUY9KXalmRzo+L0cB/mQsmFfzODxwQrbvxCHXUNH2iP+qKkWYtB4vyy8N62PViMFw==
  
  "@jupyterlab/nbformat@^3.2.9":
    version "3.4.3"
    resolved "https://registry.yarnpkg.com/@jupyterlab/nbformat/-/nbformat-3.4.3.tgz#cbab1bf507677b7f0f309d8353fc83fe5a973c82"
    integrity sha512-i/yADrwhhAJJCUOTa+fEBMyJO7fvX9Y73I0B7V6dQhGcrmrEKLC3wk4yOo63+jRntd5+dupbiOtz3w1ncIXwIA==
    dependencies:
      "@lumino/coreutils" "^1.11.0"
  
  "@lumino/coreutils@^1.11.0":
    version "1.12.0"
    resolved "https://registry.yarnpkg.com/@lumino/coreutils/-/coreutils-1.12.0.tgz#fbdef760f736eaf2bd396a5c6fc3a68a4b449b15"
    integrity sha512-DSglh4ylmLi820CNx9soJmDJCpUgymckdWeGWuN0Ash5g60oQvrQDfosVxEhzmNvtvXv45WZEqSBzDP6E5SEmQ==
  
  "@types/linkify-it@*":
    version "3.0.2"
    resolved "https://registry.yarnpkg.com/@types/linkify-it/-/linkify-it-3.0.2.tgz#fd2cd2edbaa7eaac7e7f3c1748b52a19143846c9"
    integrity sha512-HZQYqbiFVWufzCwexrvh694SOim8z2d+xJl5UNamcvQFejLY/2YUtzXHYi3cHdI7PMlS8ejH2slRAOJQ32aNbA==
  
  "@types/markdown-it@12.2.3":
    version "12.2.3"
    resolved "https://registry.yarnpkg.com/@types/markdown-it/-/markdown-it-12.2.3.tgz#0d6f6e5e413f8daaa26522904597be3d6cd93b51"
    integrity sha512-GKMHFfv3458yYy+v/N8gjufHO6MSZKCOXpZc5GXIWWy8uldwfmPn98vp81gZ5f9SVw8YYBctgfJ22a2d7AOMeQ==
    dependencies:
      "@types/linkify-it" "*"
      "@types/mdurl" "*"
  
  "@types/mdurl@*":
    version "1.0.2"
    resolved "https://registry.yarnpkg.com/@types/mdurl/-/mdurl-1.0.2.tgz#e2ce9d83a613bacf284c7be7d491945e39e1f8e9"
    integrity sha512-eC4U9MlIcu2q0KQmXszyn5Akca/0jrQmwDRgpAMJai7qBWq4amIQhZyNau4VYGtCeALvW1/NtjzJJ567aZxfKA==
  
  detect-indent@^6.0.0:
    version "6.1.0"
    resolved "https://registry.yarnpkg.com/detect-indent/-/detect-indent-6.1.0.tgz#592485ebbbf6b3b1ab2be175c8393d04ca0d57e6"
    integrity sha512-reYkTUJAZb9gUuZ2RvVCNhVHdg62RHnJ7WJl8ftMi4diZ6NWlciOzQN88pUhSELEwflJht4oQDv0F0BMlwaYtA==
