Arguments: 
  /home/fengjutian/.nvm/versions/node/v20.17.0/bin/node /home/fengjutian/.nvm/versions/node/v20.17.0/bin/yarn --ignore-engines

PATH: 
  /tmp/yarn--1726924571792-0.5568934617727501:/home/fengjutian/vscode/node_modules/.bin:/usr/local/share/.config/yarn/link/node_modules/.bin:/home/fengjutian/.nvm/versions/node/v20.17.0/libexec/lib/node_modules/npm/bin/node-gyp-bin:/home/fengjutian/.nvm/versions/node/v20.17.0/lib/node_modules/npm/bin/node-gyp-bin:/home/fengjutian/.nvm/versions/node/v20.17.0/bin/node_modules/npm/bin/node-gyp-bin:/home/fengjutian/.nvm/versions/node/v20.17.0/bin:/usr/local/sbin:/usr/local/bin:/usr/sbin:/usr/bin:/sbin:/bin:/usr/games:/usr/local/games:/snap/bin

Yarn version: 
  1.22.17

Node version: 
  20.17.0

Platform: 
  linux x64

Trace: 
  AggregateError [ETIMEDOUT]: 
      at internalConnectMultiple (node:net:1118:18)
      at internalConnectMultiple (node:net:1186:5)
      at Timeout.internalConnectMultipleTimeout (node:net:1712:5)
      at listOnTimeout (node:internal/timers:583:11)
      at process.processTimers (node:internal/timers:519:7)

npm manifest: 
  {
    "name": "vscode-css-languageserver",
    "description": "CSS/LESS/SCSS language server",
    "version": "1.0.0",
    "author": "Microsoft Corporation",
    "license": "MIT",
    "engines": {
      "node": "*"
    },
    "main": "./out/node/cssServerMain",
    "browser": "./dist/browser/cssServerMain",
    "dependencies": {
      "@vscode/l10n": "^0.0.18",
      "vscode-css-languageservice": "^6.3.0",
      "vscode-languageserver": "^10.0.0-next.6",
      "vscode-uri": "^3.0.8"
    },
    "devDependencies": {
      "@types/mocha": "^9.1.1",
      "@types/node": "20.x"
    },
    "scripts": {
      "compile": "gulp compile-extension:css-language-features-server",
      "watch": "gulp watch-extension:css-language-features-server",
      "install-service-next": "yarn add vscode-css-languageservice@next",
      "install-service-local": "yarn link vscode-css-languageservice",
      "install-server-next": "yarn add vscode-languageserver@next",
      "install-server-local": "yarn link vscode-languageserver",
      "test": "node ./test/index.js"
    }
  }

yarn manifest: 
  No manifest

Lockfile: 
  # THIS IS AN AUTOGENERATED FILE. DO NOT EDIT THIS FILE DIRECTLY.
  # yarn lockfile v1
  
  
  "@types/mocha@^9.1.1":
    version "9.1.1"
    resolved "https://registry.yarnpkg.com/@types/mocha/-/mocha-9.1.1.tgz#e7c4f1001eefa4b8afbd1eee27a237fee3bf29c4"
    integrity sha512-Z61JK7DKDtdKTWwLeElSEBcWGRLY8g95ic5FoQqI9CMx0ns/Ghep3B4DfcEimiKMvtamNVULVNKEsiwV3aQmXw==
  
  "@types/node@20.x":
    version "20.11.24"
    resolved "https://registry.yarnpkg.com/@types/node/-/node-20.11.24.tgz#cc207511104694e84e9fb17f9a0c4c42d4517792"
    integrity sha512-Kza43ewS3xoLgCEpQrsT+xRo/EJej1y0kVYGiLFE1NEODXGzTfwiC6tXTLMQskn1X4/Rjlh0MQUvx9W+L9long==
    dependencies:
      undici-types "~5.26.4"
  
  "@vscode/l10n@^0.0.18":
    version "0.0.18"
    resolved "https://registry.yarnpkg.com/@vscode/l10n/-/l10n-0.0.18.tgz#916d3a5e960dbab47c1c56f58a7cb5087b135c95"
    integrity sha512-KYSIHVmslkaCDyw013pphY+d7x1qV8IZupYfeIfzNA+nsaWHbn5uPuQRvdRFsa9zFzGeudPuoGoZ1Op4jrJXIQ==
  
  undici-types@~5.26.4:
    version "5.26.5"
    resolved "https://registry.yarnpkg.com/undici-types/-/undici-types-5.26.5.tgz#bcd539893d00b56e964fd2657a4866b221a65617"
    integrity sha512-JlCMO+ehdEIKqlFxk6IfVoAUVmgz7cU7zD/h9XZ0qzeosSHmUJVOzSQvvYSYWXkFXC+IfLKSIffhv0sVZup6pA==
  
  vscode-css-languageservice@^6.3.0:
    version "6.3.0"
    resolved "https://registry.yarnpkg.com/vscode-css-languageservice/-/vscode-css-languageservice-6.3.0.tgz#51724d193d19b1a9075b1cef5cfeea6a555d2aa4"
    integrity sha512-nU92imtkgzpCL0xikrIb8WvedV553F2BENzgz23wFuok/HLN5BeQmroMy26pUwFxV2eV8oNRmYCUv8iO7kSMhw==
    dependencies:
      "@vscode/l10n" "^0.0.18"
      vscode-languageserver-textdocument "^1.0.11"
      vscode-languageserver-types "3.17.5"
      vscode-uri "^3.0.8"
  
  vscode-jsonrpc@9.0.0-next.4:
    version "9.0.0-next.4"
    resolved "https://registry.yarnpkg.com/vscode-jsonrpc/-/vscode-jsonrpc-9.0.0-next.4.tgz#ba403ddb3b82ca578179963dbe08e120a935f50d"
    integrity sha512-zSVIr58lJSMYKIsZ5P7GtBbv1eEx25eNyOf0NmEzxmn1GhUNJAVAb5hkA1poKUwj1FRMwN6CeyWxZypmr8SsQQ==
  
  vscode-languageserver-protocol@3.17.6-next.6:
    version "3.17.6-next.6"
    resolved "https://registry.yarnpkg.com/vscode-languageserver-protocol/-/vscode-languageserver-protocol-3.17.6-next.6.tgz#8863a4dc8b395a8c31106ffdc945a00f9163b68b"
    integrity sha512-naxM9kc/phpl0kAFNVPejMUWUtzFXdPYY/BtQTYtfbBbHf8sceHOrKkmf6yynZRu1A4oFtRZNqV3wyFRTWqUHw==
    dependencies:
      vscode-jsonrpc "9.0.0-next.4"
      vscode-languageserver-types "3.17.6-next.4"
  
  vscode-languageserver-textdocument@^1.0.11:
    version "1.0.11"
    resolved "https://registry.yarnpkg.com/vscode-languageserver-textdocument/-/vscode-languageserver-textdocument-1.0.11.tgz#0822a000e7d4dc083312580d7575fe9e3ba2e2bf"
    integrity sha512-X+8T3GoiwTVlJbicx/sIAF+yuJAqz8VvwJyoMVhwEMoEKE/fkDmrqUgDMyBECcM2A2frVZIUj5HI/ErRXCfOeA==
  
  vscode-languageserver-types@3.17.5:
    version "3.17.5"
    resolved "https://registry.yarnpkg.com/vscode-languageserver-types/-/vscode-languageserver-types-3.17.5.tgz#3273676f0cf2eab40b3f44d085acbb7f08a39d8a"
    integrity sha512-Ld1VelNuX9pdF39h2Hgaeb5hEZM2Z3jUrrMgWQAu82jMtZp7p3vJT3BzToKtZI7NgQssZje5o0zryOrhQvzQAg==
  
  vscode-languageserver-types@3.17.6-next.4:
    version "3.17.6-next.4"
    resolved "https://registry.yarnpkg.com/vscode-languageserver-types/-/vscode-languageserver-types-3.17.6-next.4.tgz#6670939eb98f00aa7b05021dc3dd7fe9aa4453ea"
    integrity sha512-SeJTpH/S14EbxOAVaOUoGVqPToqpRTld5QO5Ghig3AlbFJTFF9Wu7srHMfa85L0SX1RYAuuCSFKJVVCxDIk1/Q==
  
  vscode-languageserver@^10.0.0-next.6:
    version "10.0.0-next.6"
    resolved "https://registry.yarnpkg.com/vscode-languageserver/-/vscode-languageserver-10.0.0-next.6.tgz#0db118a93fe010c6b40cd04e91a15d09e7b60b60"
    integrity sha512-0Lh1nhQfSxo5Ob+ayYO1QTIsDix2/Lc72Urm1KZrCFxK5zIFYaEh3QFeM9oZih4Rzs0ZkQPXXnoHtpvs5GT+Zw==
    dependencies:
      vscode-languageserver-protocol "3.17.6-next.6"
  
  vscode-uri@^3.0.8:
    version "3.0.8"
    resolved "https://registry.yarnpkg.com/vscode-uri/-/vscode-uri-3.0.8.tgz#1770938d3e72588659a172d0fd4642780083ff9f"
    integrity sha512-AyFQ0EVmsOZOlAnxoFOGOq1SQDWAB7C6aqMGS23svWAllfOaxbuFvcT8D1i8z3Gyn8fraVeZNNmN6e9bxxXkKw==
