Arguments: 
  /home/fengjutian/.nvm/versions/node/v20.17.0/bin/node /home/fengjutian/.nvm/versions/node/v20.17.0/bin/yarn --ignore-engines

PATH: 
  /tmp/yarn--1727101230589-0.13695450595173186:/home/fengjutian/vscode/node_modules/.bin:/usr/local/share/.config/yarn/link/node_modules/.bin:/home/fengjutian/.nvm/versions/node/v20.17.0/libexec/lib/node_modules/npm/bin/node-gyp-bin:/home/fengjutian/.nvm/versions/node/v20.17.0/lib/node_modules/npm/bin/node-gyp-bin:/home/fengjutian/.nvm/versions/node/v20.17.0/bin/node_modules/npm/bin/node-gyp-bin:/home/fengjutian/.nvm/versions/node/v20.17.0/bin:/usr/local/sbin:/usr/local/bin:/usr/sbin:/usr/bin:/sbin:/bin:/usr/games:/usr/local/games:/snap/bin

Yarn version: 
  1.22.17

Node version: 
  20.17.0

Platform: 
  linux x64

Trace: 
  AggregateError [ETIMEDOUT]: 
      at internalConnectMultiple (node:net:1118:18)
      at internalConnectMultiple (node:net:1186:5)
      at Timeout.internalConnectMultipleTimeout (node:net:1712:5)
      at listOnTimeout (node:internal/timers:583:11)
      at process.processTimers (node:internal/timers:519:7)

npm manifest: 
  {
    "name": "php-language-features",
    "displayName": "%displayName%",
    "description": "%description%",
    "version": "1.0.0",
    "publisher": "vscode",
    "license": "MIT",
    "icon": "icons/logo.png",
    "engines": {
      "vscode": "0.10.x"
    },
    "activationEvents": [
      "onLanguage:php"
    ],
    "main": "./out/phpMain",
    "categories": [
      "Programming Languages"
    ],
    "capabilities": {
      "virtualWorkspaces": false,
      "untrustedWorkspaces": {
        "supported": "limited",
        "description": "%workspaceTrust%",
        "restrictedConfigurations": [
          "php.validate.executablePath"
        ]
      }
    },
    "contributes": {
      "configuration": {
        "title": "%configuration.title%",
        "type": "object",
        "order": 20,
        "properties": {
          "php.suggest.basic": {
            "type": "boolean",
            "default": true,
            "description": "%configuration.suggest.basic%"
          },
          "php.validate.enable": {
            "type": "boolean",
            "default": true,
            "description": "%configuration.validate.enable%"
          },
          "php.validate.executablePath": {
            "type": [
              "string",
              "null"
            ],
            "default": null,
            "description": "%configuration.validate.executablePath%",
            "scope": "machine-overridable"
          },
          "php.validate.run": {
            "type": "string",
            "enum": [
              "onSave",
              "onType"
            ],
            "default": "onSave",
            "description": "%configuration.validate.run%"
          }
        }
      },
      "jsonValidation": [
        {
          "fileMatch": "composer.json",
          "url": "https://getcomposer.org/schema.json"
        }
      ]
    },
    "scripts": {
      "compile": "npx gulp compile-extension:php-language-features",
      "watch": "npx gulp watch-extension:php-language-features"
    },
    "dependencies": {
      "which": "^2.0.2"
    },
    "devDependencies": {
      "@types/node": "20.x",
      "@types/which": "^2.0.0"
    },
    "repository": {
      "type": "git",
      "url": "https://github.com/microsoft/vscode.git"
    }
  }

yarn manifest: 
  No manifest

Lockfile: 
  # THIS IS AN AUTOGENERATED FILE. DO NOT EDIT THIS FILE DIRECTLY.
  # yarn lockfile v1
  
  
  "@types/node@20.x":
    version "20.11.24"
    resolved "https://registry.yarnpkg.com/@types/node/-/node-20.11.24.tgz#cc207511104694e84e9fb17f9a0c4c42d4517792"
    integrity sha512-Kza43ewS3xoLgCEpQrsT+xRo/EJej1y0kVYGiLFE1NEODXGzTfwiC6tXTLMQskn1X4/Rjlh0MQUvx9W+L9long==
    dependencies:
      undici-types "~5.26.4"
  
  "@types/which@^2.0.0":
    version "2.0.0"
    resolved "https://registry.yarnpkg.com/@types/which/-/which-2.0.0.tgz#446d35586611dee657120de8e0457382a658fc25"
    integrity sha512-JHTNOEpZnACQdsTojWggn+SQ8IucfqEhtz7g8Z0G67WdSj4x3F0X5I2c/CVcl8z/QukGrIHeQ/N49v1au74XFQ==
  
  isexe@^2.0.0:
    version "2.0.0"
    resolved "https://registry.yarnpkg.com/isexe/-/isexe-2.0.0.tgz#e8fbf374dc556ff8947a10dcb0572d633f2cfa10"
    integrity sha1-6PvzdNxVb/iUehDcsFctYz8s+hA=
  
  undici-types@~5.26.4:
    version "5.26.5"
    resolved "https://registry.yarnpkg.com/undici-types/-/undici-types-5.26.5.tgz#bcd539893d00b56e964fd2657a4866b221a65617"
    integrity sha512-JlCMO+ehdEIKqlFxk6IfVoAUVmgz7cU7zD/h9XZ0qzeosSHmUJVOzSQvvYSYWXkFXC+IfLKSIffhv0sVZup6pA==
  
  which@^2.0.2:
    version "2.0.2"
    resolved "https://registry.yarnpkg.com/which/-/which-2.0.2.tgz#7c6a8dd0a636a0327e10b59c9286eee93f3f51b1"
    integrity sha512-BLI3Tl1TW3Pvl70l3yq3Y64i+awpwXqsGBYWkkqMtnbXgrMD+yj7rhW0kuEDxzJaYXGjEW5ogapKNMEKNMjibA==
    dependencies:
      isexe "^2.0.0"
