Arguments: 
  /home/fengjutian/.nvm/versions/node/v20.17.0/bin/node /home/fengjutian/.nvm/versions/node/v20.17.0/bin/yarn --ignore-engines

PATH: 
  /tmp/yarn--1726927413442-0.18376501376227683:/home/fengjutian/vscode/node_modules/.bin:/usr/local/share/.config/yarn/link/node_modules/.bin:/home/fengjutian/.nvm/versions/node/v20.17.0/libexec/lib/node_modules/npm/bin/node-gyp-bin:/home/fengjutian/.nvm/versions/node/v20.17.0/lib/node_modules/npm/bin/node-gyp-bin:/home/fengjutian/.nvm/versions/node/v20.17.0/bin/node_modules/npm/bin/node-gyp-bin:/home/fengjutian/.nvm/versions/node/v20.17.0/bin:/usr/local/sbin:/usr/local/bin:/usr/sbin:/usr/bin:/sbin:/bin:/usr/games:/usr/local/games:/snap/bin

Yarn version: 
  1.22.17

Node version: 
  20.17.0

Platform: 
  linux x64

Trace: 
  AggregateError [ETIMEDOUT]: 
      at internalConnectMultiple (node:net:1118:18)
      at internalConnectMultiple (node:net:1186:5)
      at Timeout.internalConnectMultipleTimeout (node:net:1712:5)
      at listOnTimeout (node:internal/timers:583:11)
      at process.processTimers (node:internal/timers:519:7)

npm manifest: 
  {
    "name": "markdown-math",
    "displayName": "%displayName%",
    "description": "%description%",
    "version": "1.0.0",
    "icon": "icon.png",
    "publisher": "vscode",
    "license": "MIT",
    "aiKey": "0c6ae279ed8443289764825290e4f9e2-1a736e7c-1324-4338-be46-fc2a58ae4d14-7255",
    "engines": {
      "vscode": "^1.54.0"
    },
    "categories": [
      "Other",
      "Programming Languages"
    ],
    "capabilities": {
      "virtualWorkspaces": true,
      "untrustedWorkspaces": {
        "supported": true
      }
    },
    "main": "./out/extension",
    "browser": "./dist/browser/extension",
    "activationEvents": [],
    "contributes": {
      "languages": [
        {
          "id": "markdown-math",
          "aliases": []
        }
      ],
      "grammars": [
        {
          "language": "markdown-math",
          "scopeName": "text.html.markdown.math",
          "path": "./syntaxes/md-math.tmLanguage.json"
        },
        {
          "scopeName": "markdown.math.block",
          "path": "./syntaxes/md-math-block.tmLanguage.json",
          "injectTo": [
            "text.html.markdown"
          ],
          "embeddedLanguages": {
            "meta.embedded.math.markdown": "latex"
          }
        },
        {
          "scopeName": "markdown.math.inline",
          "path": "./syntaxes/md-math-inline.tmLanguage.json",
          "injectTo": [
            "text.html.markdown"
          ],
          "embeddedLanguages": {
            "meta.embedded.math.markdown": "latex",
            "punctuation.definition.math.end.markdown": "latex"
          }
        },
        {
          "scopeName": "markdown.math.codeblock",
          "path": "./syntaxes/md-math-fence.tmLanguage.json",
          "injectTo": [
            "text.html.markdown"
          ],
          "embeddedLanguages": {
            "meta.embedded.math.markdown": "latex"
          }
        }
      ],
      "notebookRenderer": [
        {
          "id": "vscode.markdown-it-katex-extension",
          "displayName": "Markdown it KaTeX renderer",
          "entrypoint": {
            "extends": "vscode.markdown-it-renderer",
            "path": "./notebook-out/katex.js"
          }
        }
      ],
      "markdown.markdownItPlugins": true,
      "markdown.previewStyles": [
        "./notebook-out/katex.min.css",
        "./preview-styles/index.css"
      ],
      "configuration": [
        {
          "title": "Markdown Math",
          "properties": {
            "markdown.math.enabled": {
              "type": "boolean",
              "default": true,
              "description": "%config.markdown.math.enabled%"
            },
            "markdown.math.macros": {
              "type": "object",
              "additionalProperties": { "type": "string" },
              "default": {},
              "description": "%config.markdown.math.macros%",
              "scope": "resource"
            }
          }
        }
      ]
    },
    "scripts": {
      "compile": "npm run build-notebook",
      "watch": "npm run build-notebook",
      "build-notebook": "node ./esbuild"
    },
    "dependencies": {
      "@vscode/markdown-it-katex": "^1.1.0"
    },
    "devDependencies": {
      "@types/markdown-it": "^0.0.0",
      "@types/vscode-notebook-renderer": "^1.60.0"
    },
    "repository": {
      "type": "git",
      "url": "https://github.com/microsoft/vscode.git"
    }
  }

yarn manifest: 
  No manifest

Lockfile: 
  # THIS IS AN AUTOGENERATED FILE. DO NOT EDIT THIS FILE DIRECTLY.
  # yarn lockfile v1
  
  
  "@types/markdown-it@^0.0.0":
    version "0.0.0"
    resolved "https://registry.yarnpkg.com/@types/markdown-it/-/markdown-it-0.0.0.tgz#8f6acaa5e3245e275f684e95deb3e518d1c6ab16"
    integrity sha512-rLEOTm6Wi9M8GFnIK7VczXSEThIN/eVoevpTYVk+FD/DPX3N15Sj9b3vkjjDY63U0Zw1yawf13CI92CCHpC5kw==
  
  "@types/vscode-notebook-renderer@^1.60.0":
    version "1.72.0"
    resolved "https://registry.yarnpkg.com/@types/vscode-notebook-renderer/-/vscode-notebook-renderer-1.72.0.tgz#8943dc3cef0ced2dfb1e04c0a933bd289e7d5199"
    integrity sha512-5iTjb39DpLn03ULUwrDR3L2Dy59RV4blSUHy0oLdQuIY11PhgWO4mXIcoFS0VxY1GZQ4IcjSf3ooT2Jrrcahnw==
  
  "@vscode/markdown-it-katex@^1.1.0":
    version "1.1.0"
    resolved "https://registry.yarnpkg.com/@vscode/markdown-it-katex/-/markdown-it-katex-1.1.0.tgz#e991b58f6eb7cf56aef74b98e1a5edc1494649bb"
    integrity sha512-9cF2eJpsJOEs2V1cCAoJW/boKz9GQQLvZhNvI030K90z6ZE9lRGc9hDVvKut8zdFO2ObjwylPXXXVYvTdP2O2Q==
    dependencies:
      katex "^0.16.4"
  
  commander@^8.3.0:
    version "8.3.0"
    resolved "https://registry.yarnpkg.com/commander/-/commander-8.3.0.tgz#4837ea1b2da67b9c616a67afbb0fafee567bca66"
    integrity sha512-OkTL9umf+He2DZkUq8f8J9of7yL6RJKI24dVITBmNfZBmri9zYZQrKkuXiKhyfPSu8tUhnVBB1iKXevvnlR4Ww==
  
  katex@^0.16.4:
    version "0.16.10"
    resolved "https://registry.yarnpkg.com/katex/-/katex-0.16.10.tgz#6f81b71ac37ff4ec7556861160f53bc5f058b185"
    integrity sha512-ZiqaC04tp2O5utMsl2TEZTXxa6WSC4yo0fv5ML++D3QZv/vx2Mct0mTlRx3O+uUkjfuAgOkzsCmq5MiUEsDDdA==
    dependencies:
      commander "^8.3.0"
