Arguments: 
  /home/fengjutian/.nvm/versions/node/v20.17.0/bin/node /home/fengjutian/.nvm/versions/node/v20.17.0/bin/yarn --ignore-engines

PATH: 
  /tmp/yarn--1726924815677-0.7243477579817532:/home/fengjutian/vscode/node_modules/.bin:/usr/local/share/.config/yarn/link/node_modules/.bin:/home/fengjutian/.nvm/versions/node/v20.17.0/libexec/lib/node_modules/npm/bin/node-gyp-bin:/home/fengjutian/.nvm/versions/node/v20.17.0/lib/node_modules/npm/bin/node-gyp-bin:/home/fengjutian/.nvm/versions/node/v20.17.0/bin/node_modules/npm/bin/node-gyp-bin:/home/fengjutian/.nvm/versions/node/v20.17.0/bin:/usr/local/sbin:/usr/local/bin:/usr/sbin:/usr/bin:/sbin:/bin:/usr/games:/usr/local/games:/snap/bin

Yarn version: 
  1.22.17

Node version: 
  20.17.0

Platform: 
  linux x64

Trace: 
  AggregateError [ETIMEDOUT]: 
      at internalConnectMultiple (node:net:1118:18)
      at internalConnectMultiple (node:net:1186:5)
      at Timeout.internalConnectMultipleTimeout (node:net:1712:5)
      at listOnTimeout (node:internal/timers:583:11)
      at process.processTimers (node:internal/timers:519:7)

npm manifest: 
  {
    "name": "html-language-features",
    "displayName": "%displayName%",
    "description": "%description%",
    "version": "1.0.0",
    "publisher": "vscode",
    "license": "MIT",
    "aiKey": "0c6ae279ed8443289764825290e4f9e2-1a736e7c-1324-4338-be46-fc2a58ae4d14-7255",
    "engines": {
      "vscode": "^1.77.0"
    },
    "icon": "icons/html.png",
    "activationEvents": [
      "onLanguage:html",
      "onLanguage:handlebars"
    ],
    "enabledApiProposals": [
      "extensionsAny"
    ],
    "main": "./client/out/node/htmlClientMain",
    "browser": "./client/dist/browser/htmlClientMain",
    "capabilities": {
      "virtualWorkspaces": true,
      "untrustedWorkspaces": {
        "supported": true
      }
    },
    "scripts": {
      "compile": "npx gulp compile-extension:html-language-features-client compile-extension:html-language-features-server",
      "watch": "npx gulp watch-extension:html-language-features-client watch-extension:html-language-features-server",
      "install-client-next": "yarn add vscode-languageclient@next"
    },
    "categories": [
      "Programming Languages"
    ],
    "contributes": {
      "configuration": {
        "id": "html",
        "order": 20,
        "type": "object",
        "title": "HTML",
        "properties": {
          "html.completion.attributeDefaultValue": {
            "type": "string",
            "scope": "resource",
            "enum": [
              "doublequotes",
              "singlequotes",
              "empty"
            ],
            "enumDescriptions": [
              "%html.completion.attributeDefaultValue.doublequotes%",
              "%html.completion.attributeDefaultValue.singlequotes%",
              "%html.completion.attributeDefaultValue.empty%"
            ],
            "default": "doublequotes",
            "markdownDescription": "%html.completion.attributeDefaultValue%"
          },
          "html.customData": {
            "type": "array",
            "markdownDescription": "%html.customData.desc%",
            "default": [],
            "items": {
              "type": "string"
            },
            "scope": "resource"
          },
          "html.format.enable": {
            "type": "boolean",
            "scope": "window",
            "default": true,
            "description": "%html.format.enable.desc%"
          },
          "html.format.wrapLineLength": {
            "type": "integer",
            "scope": "resource",
            "default": 120,
            "description": "%html.format.wrapLineLength.desc%"
          },
          "html.format.unformatted": {
            "type": [
              "string",
              "null"
            ],
            "scope": "resource",
            "default": "wbr",
            "markdownDescription": "%html.format.unformatted.desc%"
          },
          "html.format.contentUnformatted": {
            "type": [
              "string",
              "null"
            ],
            "scope": "resource",
            "default": "pre,code,textarea",
            "markdownDescription": "%html.format.contentUnformatted.desc%"
          },
          "html.format.indentInnerHtml": {
            "type": "boolean",
            "scope": "resource",
            "default": false,
            "markdownDescription": "%html.format.indentInnerHtml.desc%"
          },
          "html.format.preserveNewLines": {
            "type": "boolean",
            "scope": "resource",
            "default": true,
            "description": "%html.format.preserveNewLines.desc%"
          },
          "html.format.maxPreserveNewLines": {
            "type": [
              "number",
              "null"
            ],
            "scope": "resource",
            "default": null,
            "markdownDescription": "%html.format.maxPreserveNewLines.desc%"
          },
          "html.format.indentHandlebars": {
            "type": "boolean",
            "scope": "resource",
            "default": false,
            "markdownDescription": "%html.format.indentHandlebars.desc%"
          },
          "html.format.extraLiners": {
            "type": [
              "string",
              "null"
            ],
            "scope": "resource",
            "default": "head, body, /html",
            "markdownDescription": "%html.format.extraLiners.desc%"
          },
          "html.format.wrapAttributes": {
            "type": "string",
            "scope": "resource",
            "default": "auto",
            "enum": [
              "auto",
              "force",
              "force-aligned",
              "force-expand-multiline",
              "aligned-multiple",
              "preserve",
              "preserve-aligned"
            ],
            "enumDescriptions": [
              "%html.format.wrapAttributes.auto%",
              "%html.format.wrapAttributes.force%",
              "%html.format.wrapAttributes.forcealign%",
              "%html.format.wrapAttributes.forcemultiline%",
              "%html.format.wrapAttributes.alignedmultiple%",
              "%html.format.wrapAttributes.preserve%",
              "%html.format.wrapAttributes.preservealigned%"
            ],
            "description": "%html.format.wrapAttributes.desc%"
          },
          "html.format.wrapAttributesIndentSize": {
            "type": [
              "number",
              "null"
            ],
            "scope": "resource",
            "default": null,
            "markdownDescription": "%html.format.wrapAttributesIndentSize.desc%"
          },
          "html.format.templating": {
            "type": "boolean",
            "scope": "resource",
            "default": false,
            "description": "%html.format.templating.desc%"
          },
          "html.format.unformattedContentDelimiter": {
            "type": "string",
            "scope": "resource",
            "default": "",
            "markdownDescription": "%html.format.unformattedContentDelimiter.desc%"
          },
          "html.suggest.html5": {
            "type": "boolean",
            "scope": "resource",
            "default": true,
            "description": "%html.suggest.html5.desc%"
          },
          "html.validate.scripts": {
            "type": "boolean",
            "scope": "resource",
            "default": true,
            "description": "%html.validate.scripts%"
          },
          "html.validate.styles": {
            "type": "boolean",
            "scope": "resource",
            "default": true,
            "description": "%html.validate.styles%"
          },
          "html.autoCreateQuotes": {
            "type": "boolean",
            "scope": "resource",
            "default": true,
            "description": "%html.autoCreateQuotes%"
          },
          "html.autoClosingTags": {
            "type": "boolean",
            "scope": "resource",
            "default": true,
            "description": "%html.autoClosingTags%"
          },
          "html.hover.documentation": {
            "type": "boolean",
            "scope": "resource",
            "default": true,
            "description": "%html.hover.documentation%"
          },
          "html.hover.references": {
            "type": "boolean",
            "scope": "resource",
            "default": true,
            "description": "%html.hover.references%"
          },
          "html.mirrorCursorOnMatchingTag": {
            "type": "boolean",
            "scope": "resource",
            "default": false,
            "description": "%html.mirrorCursorOnMatchingTag%",
            "deprecationMessage": "%html.mirrorCursorOnMatchingTagDeprecationMessage%"
          },
          "html.trace.server": {
            "type": "string",
            "scope": "window",
            "enum": [
              "off",
              "messages",
              "verbose"
            ],
            "default": "off",
            "description": "%html.trace.server.desc%"
          }
        }
      },
      "configurationDefaults": {
        "[html]": {
          "editor.suggest.insertMode": "replace"
        },
        "[handlebars]": {
          "editor.suggest.insertMode": "replace"
        }
      },
      "jsonValidation": [
        {
          "fileMatch": "*.html-data.json",
          "url": "https://raw.githubusercontent.com/microsoft/vscode-html-languageservice/master/docs/customData.schema.json"
        },
        {
          "fileMatch": "package.json",
          "url": "./schemas/package.schema.json"
        }
      ]
    },
    "dependencies": {
      "@vscode/extension-telemetry": "^0.9.0",
      "vscode-languageclient": "^10.0.0-next.8",
      "vscode-uri": "^3.0.8"
    },
    "devDependencies": {
      "@types/node": "20.x"
    },
    "repository": {
      "type": "git",
      "url": "https://github.com/microsoft/vscode.git"
    }
  }

yarn manifest: 
  No manifest

Lockfile: 
  # THIS IS AN AUTOGENERATED FILE. DO NOT EDIT THIS FILE DIRECTLY.
  # yarn lockfile v1
  
  
  "@microsoft/1ds-core-js@4.0.3", "@microsoft/1ds-core-js@^4.0.3":
    version "4.0.3"
    resolved "https://registry.yarnpkg.com/@microsoft/1ds-core-js/-/1ds-core-js-4.0.3.tgz#c8a92c623745a9595e06558a866658480c33bdf9"
    integrity sha512-FrxNLVAPsAvD7+l63TlNS/Kodvpct2WulpDSn1dI4Xuy0kF4E2H867kHdwL/iY1Bj3zA3FSy/jvE4+OcDws7ug==
    dependencies:
      "@microsoft/applicationinsights-core-js" "3.0.4"
      "@microsoft/applicationinsights-shims" "3.0.1"
      "@microsoft/dynamicproto-js" "^2.0.2"
      "@nevware21/ts-async" ">= 0.3.0 < 2.x"
      "@nevware21/ts-utils" ">= 0.10.1 < 2.x"
  
  "@microsoft/1ds-post-js@^4.0.3":
    version "4.0.3"
    resolved "https://registry.yarnpkg.com/@microsoft/1ds-post-js/-/1ds-post-js-4.0.3.tgz#cfcb20bb23fb6215d3f0732f60f5b7df3e624f86"
    integrity sha512-uewvmUtXKd7ttypiKQGdYI6i7UUpPkOznLayzIFrJ4r2xnG6jhPjpKRncHFXPQcM4XSWO3yf5PQ3xAbPq9t7ZQ==
    dependencies:
      "@microsoft/1ds-core-js" "4.0.3"
      "@microsoft/applicationinsights-shims" "3.0.1"
      "@microsoft/dynamicproto-js" "^2.0.2"
      "@nevware21/ts-async" ">= 0.3.0 < 2.x"
      "@nevware21/ts-utils" ">= 0.10.1 < 2.x"
  
  "@microsoft/applicationinsights-channel-js@3.0.4":
    version "3.0.4"
    resolved "https://registry.yarnpkg.com/@microsoft/applicationinsights-channel-js/-/applicationinsights-channel-js-3.0.4.tgz#247b6fe2158fad9826cbcdf7304f885766b36624"
    integrity sha512-6TlfExmErQ8Y+/ChbkyWl+jyt4wg3T6p7lwXDsUCB0LgZmlEWMaCUS0YlT73JCWmE8j7vxW8yUm0lgsgmHns3A==
    dependencies:
      "@microsoft/applicationinsights-common" "3.0.4"
      "@microsoft/applicationinsights-core-js" "3.0.4"
      "@microsoft/applicationinsights-shims" "3.0.1"
      "@microsoft/dynamicproto-js" "^2.0.2"
      "@nevware21/ts-async" ">= 0.3.0 < 2.x"
      "@nevware21/ts-utils" ">= 0.10.1 < 2.x"
  
  "@microsoft/applicationinsights-common@3.0.4":
    version "3.0.4"
    resolved "https://registry.yarnpkg.com/@microsoft/applicationinsights-common/-/applicationinsights-common-3.0.4.tgz#c4aa53ba343f5b3c7fbf54cddd3c86a5bdcd95dc"
    integrity sha512-r5gWaw/K9+tKfuo2GtDiDiKASgOkPOCrKW+wZzFvuR06uuwvWjbVQ6yW/YbnfuhRF5M65ksUiMi0eCMwEOGq7Q==
    dependencies:
      "@microsoft/applicationinsights-core-js" "3.0.4"
      "@microsoft/applicationinsights-shims" "3.0.1"
      "@microsoft/dynamicproto-js" "^2.0.2"
      "@nevware21/ts-utils" ">= 0.10.1 < 2.x"
  
  "@microsoft/applicationinsights-core-js@3.0.4":
    version "3.0.4"
    resolved "https://registry.yarnpkg.com/@microsoft/applicationinsights-core-js/-/applicationinsights-core-js-3.0.4.tgz#008308b786930d94a1de8a1fbb4af0351b74653e"
    integrity sha512-anxy5kEkqBmVoEqJiJzaaXXA0wzqZi9U4zGd05xFJ04lWckP8dG3zyT3+GGdg7rDelqLTNGxndeYoFmDv63u1g==
    dependencies:
      "@microsoft/applicationinsights-shims" "3.0.1"
      "@microsoft/dynamicproto-js" "^2.0.2"
      "@nevware21/ts-async" ">= 0.3.0 < 2.x"
      "@nevware21/ts-utils" ">= 0.10.1 < 2.x"
  
  "@microsoft/applicationinsights-shims@3.0.1":
    version "3.0.1"
    resolved "https://registry.yarnpkg.com/@microsoft/applicationinsights-shims/-/applicationinsights-shims-3.0.1.tgz#3865b73ace8405b9c4618cc5c571f2fe3876f06f"
    integrity sha512-DKwboF47H1nb33rSUfjqI6ryX29v+2QWcTrRvcQDA32AZr5Ilkr7whOOSsD1aBzwqX0RJEIP1Z81jfE3NBm/Lg==
    dependencies:
      "@nevware21/ts-utils" ">= 0.9.4 < 2.x"
  
  "@microsoft/applicationinsights-web-basic@^3.0.4":
    version "3.0.4"
    resolved "https://registry.yarnpkg.com/@microsoft/applicationinsights-web-basic/-/applicationinsights-web-basic-3.0.4.tgz#9a23323276b4a5a0dc6a352e2de5d75e3c16b534"
    integrity sha512-KfoxPlLlf0JT12ADb23C5iGye/yFouoMgHEKULxkSQcYY9SsW/8rVrqqvoYKAL+u215CZU2A8Kc8sR3ehEaPCQ==
    dependencies:
      "@microsoft/applicationinsights-channel-js" "3.0.4"
      "@microsoft/applicationinsights-common" "3.0.4"
      "@microsoft/applicationinsights-core-js" "3.0.4"
      "@microsoft/applicationinsights-shims" "3.0.1"
      "@microsoft/dynamicproto-js" "^2.0.2"
      "@nevware21/ts-async" ">= 0.3.0 < 2.x"
      "@nevware21/ts-utils" ">= 0.10.1 < 2.x"
  
  "@microsoft/dynamicproto-js@^2.0.2":
    version "2.0.2"
    resolved "https://registry.yarnpkg.com/@microsoft/dynamicproto-js/-/dynamicproto-js-2.0.2.tgz#e57fbec2e7067d48b7e8e1e1c1d354028ef718a6"
    integrity sha512-MB8trWaFREpmb037k/d0bB7T2BP7Ai24w1e1tbz3ASLB0/lwphsq3Nq8S9I5AsI5vs4zAQT+SB5nC5/dLYTiOg==
    dependencies:
      "@nevware21/ts-utils" ">= 0.9.4 < 2.x"
  
  "@nevware21/ts-async@>= 0.3.0 < 2.x":
    version "0.3.0"
    resolved "https://registry.yarnpkg.com/@nevware21/ts-async/-/ts-async-0.3.0.tgz#a8b97ba01065fc930de9a3f4dd4a05e862becc6c"
    integrity sha512-ZUcgUH12LN/F6nzN0cYd0F/rJaMLmXr0EHVTyYfaYmK55bdwE4338uue4UiVoRqHVqNW4KDUrJc49iGogHKeWA==
    dependencies:
      "@nevware21/ts-utils" ">= 0.10.0 < 2.x"
  
  "@nevware21/ts-utils@>= 0.10.0 < 2.x", "@nevware21/ts-utils@>= 0.10.1 < 2.x", "@nevware21/ts-utils@>= 0.9.4 < 2.x":
    version "0.10.1"
    resolved "https://registry.yarnpkg.com/@nevware21/ts-utils/-/ts-utils-0.10.1.tgz#aa65abc71eba06749a396598f22263d26f796ac7"
    integrity sha512-pMny25NnF2/MJwdqC3Iyjm2pGIXNxni4AROpcqDeWa+td9JMUY4bUS9uU9XW+BoBRqTLUL+WURF9SOd/6OQzRg==
  
  "@types/node@20.x":
    version "20.11.24"
    resolved "https://registry.yarnpkg.com/@types/node/-/node-20.11.24.tgz#cc207511104694e84e9fb17f9a0c4c42d4517792"
    integrity sha512-Kza43ewS3xoLgCEpQrsT+xRo/EJej1y0kVYGiLFE1NEODXGzTfwiC6tXTLMQskn1X4/Rjlh0MQUvx9W+L9long==
    dependencies:
      undici-types "~5.26.4"
  
  "@vscode/extension-telemetry@^0.9.0":
    version "0.9.0"
    resolved "https://registry.yarnpkg.com/@vscode/extension-telemetry/-/extension-telemetry-0.9.0.tgz#8c6c61e253ff304f46045f04edd60059b144417a"
    integrity sha512-37RxGHXrs3GoXPgCUKQhghEu0gxs8j27RLjQwwtSf4WhPdJKz8UrqMYzpsXlliQ05zURYmtdGZst9C6+hfWXaQ==
    dependencies:
      "@microsoft/1ds-core-js" "^4.0.3"
      "@microsoft/1ds-post-js" "^4.0.3"
      "@microsoft/applicationinsights-web-basic" "^3.0.4"
  
  balanced-match@^1.0.0:
    version "1.0.0"
    resolved "https://registry.yarnpkg.com/balanced-match/-/balanced-match-1.0.0.tgz#89b4d199ab2bee49de164ea02b89ce462d71b767"
    integrity sha1-ibTRmasr7kneFk6gK4nORi1xt2c=
  
  brace-expansion@^2.0.1:
    version "2.0.1"
    resolved "https://registry.yarnpkg.com/brace-expansion/-/brace-expansion-2.0.1.tgz#1edc459e0f0c548486ecf9fc99f2221364b9a0ae"
    integrity sha512-XnAIvQ8eM+kC6aULx6wuQiwVsnzsi9d3WxzV3FpWTGA19F621kwdbsAcFKXgKUHZWsy+mY6iL1sHTxWEFCytDA==
    dependencies:
      balanced-match "^1.0.0"
  
  lru-cache@^6.0.0:
    version "6.0.0"
    resolved "https://registry.yarnpkg.com/lru-cache/-/lru-cache-6.0.0.tgz#6d6fe6570ebd96aaf90fcad1dafa3b2566db3a94"
    integrity sha512-Jo6dJ04CmSjuznwJSS3pUeWmd/H0ffTlkXXgwZi+eq1UCmqQwCh+eLsYOYCwY991i2Fah4h1BEMCx4qThGbsiA==
    dependencies:
      yallist "^4.0.0"
  
  minimatch@^9.0.3:
    version "9.0.3"
    resolved "https://registry.yarnpkg.com/minimatch/-/minimatch-9.0.3.tgz#a6e00c3de44c3a542bfaae70abfc22420a6da825"
    integrity sha512-RHiac9mvaRw0x3AYRgDC1CxAP7HTcNrrECeA8YYJeWnpo+2Q5CegtZjaotWTWxDG3UeGA1coE05iH1mPjT/2mg==
    dependencies:
      brace-expansion "^2.0.1"
  
  semver@^7.6.0:
    version "7.6.0"
    resolved "https://registry.yarnpkg.com/semver/-/semver-7.6.0.tgz#1a46a4db4bffcccd97b743b5005c8325f23d4e2d"
    integrity sha512-EnwXhrlwXMk9gKu5/flx5sv/an57AkRplG3hTK68W7FRDN+k+OWBj65M7719OkA82XLBxrcX0KSHj+X5COhOVg==
    dependencies:
      lru-cache "^6.0.0"
  
  undici-types@~5.26.4:
    version "5.26.5"
    resolved "https://registry.yarnpkg.com/undici-types/-/undici-types-5.26.5.tgz#bcd539893d00b56e964fd2657a4866b221a65617"
    integrity sha512-JlCMO+ehdEIKqlFxk6IfVoAUVmgz7cU7zD/h9XZ0qzeosSHmUJVOzSQvvYSYWXkFXC+IfLKSIffhv0sVZup6pA==
  
  vscode-jsonrpc@9.0.0-next.4:
    version "9.0.0-next.4"
    resolved "https://registry.yarnpkg.com/vscode-jsonrpc/-/vscode-jsonrpc-9.0.0-next.4.tgz#ba403ddb3b82ca578179963dbe08e120a935f50d"
    integrity sha512-zSVIr58lJSMYKIsZ5P7GtBbv1eEx25eNyOf0NmEzxmn1GhUNJAVAb5hkA1poKUwj1FRMwN6CeyWxZypmr8SsQQ==
  
  vscode-languageclient@^10.0.0-next.8:
    version "10.0.0-next.8"
    resolved "https://registry.yarnpkg.com/vscode-languageclient/-/vscode-languageclient-10.0.0-next.8.tgz#5afa0ced3b2ac68d31cc1c48edc4f289744542a0"
    integrity sha512-D9inIHgqKayO9Tv0MeLb3XIL76yTuWmKdHqcGZKzjtQrMGJgASJDYWTapu+yAjEpDp0gmVOaCYyIlLB86ncDoQ==
    dependencies:
      minimatch "^9.0.3"
      semver "^7.6.0"
      vscode-languageserver-protocol "3.17.6-next.6"
  
  vscode-languageserver-protocol@3.17.6-next.6:
    version "3.17.6-next.6"
    resolved "https://registry.yarnpkg.com/vscode-languageserver-protocol/-/vscode-languageserver-protocol-3.17.6-next.6.tgz#8863a4dc8b395a8c31106ffdc945a00f9163b68b"
    integrity sha512-naxM9kc/phpl0kAFNVPejMUWUtzFXdPYY/BtQTYtfbBbHf8sceHOrKkmf6yynZRu1A4oFtRZNqV3wyFRTWqUHw==
    dependencies:
      vscode-jsonrpc "9.0.0-next.4"
      vscode-languageserver-types "3.17.6-next.4"
  
  vscode-languageserver-types@3.17.6-next.4:
    version "3.17.6-next.4"
    resolved "https://registry.yarnpkg.com/vscode-languageserver-types/-/vscode-languageserver-types-3.17.6-next.4.tgz#6670939eb98f00aa7b05021dc3dd7fe9aa4453ea"
    integrity sha512-SeJTpH/S14EbxOAVaOUoGVqPToqpRTld5QO5Ghig3AlbFJTFF9Wu7srHMfa85L0SX1RYAuuCSFKJVVCxDIk1/Q==
  
  vscode-uri@^3.0.8:
    version "3.0.8"
    resolved "https://registry.yarnpkg.com/vscode-uri/-/vscode-uri-3.0.8.tgz#1770938d3e72588659a172d0fd4642780083ff9f"
    integrity sha512-AyFQ0EVmsOZOlAnxoFOGOq1SQDWAB7C6aqMGS23svWAllfOaxbuFvcT8D1i8z3Gyn8fraVeZNNmN6e9bxxXkKw==
  
  yallist@^4.0.0:
    version "4.0.0"
    resolved "https://registry.yarnpkg.com/yallist/-/yallist-4.0.0.tgz#9bb92790d9c0effec63be73519e11a35019a3a72"
    integrity sha512-3wdGidZyq5PB084XLES5TpOSRA3wjXAlIWMhum2kRcv/41Sn2emQ0dycQW4uZXLejwKvg6EsvbdlVL+FYEct7A==
